2018-07-12 11:58:28,599-[INFO]-/data/mysite/opsweb/workform/views.py-[line:319]-用户: 开发01 发布 SQL 工单: 'test-01' 成功
2018-07-12 11:58:29,431-[INFO]-/data/mysite/opsweb/dashboard/utils/ws_mail_send.py-[line:12]-邮件: '[SQL执行]:test-01' 发送成功
2018-07-12 11:58:29,431-[INFO]-/data/mysite/opsweb/workform/views.py-[line:335]-工单: test-01 提交花费时间: 896 ms
2018-07-12 12:07:28,459-[INFO]-/data/mysite/opsweb/workform/views.py-[line:603]-WorkFormModel 模型 id: 1 的对象转 dict 成功,查询该对象的详情成功
2018-07-12 12:07:39,835-[INFO]-/data/mysite/opsweb/workform/views.py-[line:780]-用户 dev-02 更新 WorkFormModel 模型对象 id: 1 的工单为最新的流程进度: 3 成功
2018-07-12 12:07:40,474-[INFO]-/data/mysite/opsweb/dashboard/utils/ws_mail_send.py-[line:12]-邮件: '[SQL执行]:test-01' 发送成功
2018-07-12 12:12:02,244-[INFO]-/data/mysite/opsweb/workform/views.py-[line:603]-WorkFormModel 模型 id: 1 的对象转 dict 成功,查询该对象的详情成功
2018-07-12 12:12:07,214-[INFO]-/data/mysite/opsweb/workform/views.py-[line:780]-用户 ops-01 更新 WorkFormModel 模型对象 id: 1 的工单为最新的流程进度: 4 成功
2018-07-12 12:12:07,744-[INFO]-/data/mysite/opsweb/dashboard/utils/ws_mail_send.py-[line:12]-邮件: '[SQL执行]:test-01' 发送成功
2018-07-12 12:12:13,224-[INFO]-/data/mysite/opsweb/workform/views.py-[line:885]-WorkFormModel 模型 id: 1 的对象转 dict 成功,查询该对象的详情成功
2018-07-12 12:14:56,385-[INFO]-/data/mysite/opsweb/workform/views.py-[line:242]-用户: 开发02 发布 SQL 工单: 'pub-01' 成功
2018-07-12 12:14:57,055-[INFO]-/data/mysite/opsweb/dashboard/utils/ws_mail_send.py-[line:12]-邮件: '[应用发布]:pub-01' 发送成功
2018-07-12 12:14:57,056-[INFO]-/data/mysite/opsweb/workform/views.py-[line:256]-工单: pub-01 提交花费时间: 720 ms
2018-07-12 12:15:27,779-[INFO]-/data/mysite/opsweb/workform/views.py-[line:603]-WorkFormModel 模型 id: 1 的对象转 dict 成功,查询该对象的详情成功
2018-07-12 12:15:39,340-[INFO]-/data/mysite/opsweb/workform/views.py-[line:780]-用户 dev-01 更新 WorkFormModel 模型对象 id: 1 的工单为最新的流程进度: 6 成功
2018-07-12 12:15:39,810-[INFO]-/data/mysite/opsweb/dashboard/utils/ws_mail_send.py-[line:12]-邮件: '[SQL执行]:test-01' 发送成功
2018-07-12 14:16:27,983-[INFO]-/data/mysite/opsweb/workform/views.py-[line:603]-WorkFormModel 模型 id: 2 的对象转 dict 成功,查询该对象的详情成功
2018-07-12 14:16:34,678-[INFO]-/data/mysite/opsweb/workform/views.py-[line:780]-用户 qa-01 更新 WorkFormModel 模型对象 id: 2 的工单为最新的流程进度: 3 成功
2018-07-12 14:16:35,515-[INFO]-/data/mysite/opsweb/dashboard/utils/ws_mail_send.py-[line:12]-邮件: '[应用发布]:pub-01' 发送成功
2018-07-12 14:18:49,811-[INFO]-/data/mysite/opsweb/workform/views.py-[line:603]-WorkFormModel 模型 id: 2 的对象转 dict 成功,查询该对象的详情成功
2018-07-12 14:18:54,043-[INFO]-/data/mysite/opsweb/workform/views.py-[line:780]-用户 ops-01 更新 WorkFormModel 模型对象 id: 2 的工单为最新的流程进度: 4 成功
2018-07-12 14:18:54,466-[INFO]-/data/mysite/opsweb/dashboard/utils/ws_mail_send.py-[line:12]-邮件: '[应用发布]:pub-01' 发送成功
2018-07-12 14:35:10,453-[INFO]-/data/mysite/opsweb/workform/views.py-[line:242]-用户: 开发02 发布 SQL 工单: 'pub-02' 成功
2018-07-12 14:35:11,931-[INFO]-/data/mysite/opsweb/dashboard/utils/ws_mail_send.py-[line:12]-邮件: '[应用回滚]:pub-02' 发送成功
2018-07-12 14:35:11,931-[INFO]-/data/mysite/opsweb/workform/views.py-[line:256]-工单: pub-02 提交花费时间: 1528 ms
2018-07-12 14:35:40,999-[INFO]-/data/mysite/opsweb/workform/views.py-[line:603]-WorkFormModel 模型 id: 3 的对象转 dict 成功,查询该对象的详情成功
2018-07-12 14:35:59,539-[INFO]-/data/mysite/opsweb/workform/views.py-[line:780]-用户 qa-01 更新 WorkFormModel 模型对象 id: 3 的工单为最新的流程进度: 3 成功
2018-07-12 14:35:59,995-[INFO]-/data/mysite/opsweb/dashboard/utils/ws_mail_send.py-[line:12]-邮件: '[应用回滚]:pub-02' 发送成功
2018-07-12 14:36:48,610-[INFO]-/data/mysite/opsweb/workform/views.py-[line:885]-WorkFormModel 模型 id: 1 的对象转 dict 成功,查询该对象的详情成功
